<?xml version="1.0" encoding="UTF-8"?>
<!-- Generated by org.testng.reporters.JUnitReportReporter -->
<testsuite hostname="Ayobamis-MacBook-Pro.local" failures="0" tests="1" name="org.spaces.realms" time="8.690" errors="0" timestamp="22 Apr 2021 10:06:53 GMT" skipped="0">
  <testcase classname="org.spaces.realms" name="realmsTest" time="8.690"/>
</testsuite> <!-- org.spaces.realms -->
