<?xml version="1.0" encoding="UTF-8"?>
<!-- Generated by org.testng.reporters.JUnitReportReporter -->
<testsuite hostname="Ayobamis-MacBook-Pro.local" failures="0" tests="1" name="org.spaces.login" time="13.594" errors="0" timestamp="22 Apr 2021 09:36:43 GMT" skipped="0">
  <testcase classname="org.spaces.login" name="loginTest" time="13.594"/>
</testsuite> <!-- org.spaces.login -->
