<?xml version="1.0" encoding="UTF-8"?>
<!-- Generated by org.testng.reporters.JUnitReportReporter -->
<testsuite hostname="Ayobamis-MacBook-Pro.local" failures="0" tests="1" name="org.spaces.merchBuyDashboard" time="25.173" errors="0" timestamp="13 Apr 2021 10:49:01 GMT" skipped="0">
  <testcase classname="org.spaces.merchBuyDashboard" name="merchBuyDashboardTest" time="25.173"/>
</testsuite> <!-- org.spaces.merchBuyDashboard -->
