<?xml version="1.0" encoding="UTF-8"?>
<!-- Generated by org.testng.reporters.JUnitReportReporter -->
<testsuite hostname="Ayobamis-MacBook-Pro.local" failures="0" tests="1" name="org.spaces.dashboard" time="15.350" errors="0" timestamp="22 Apr 2021 09:36:43 GMT" skipped="0">
  <testcase classname="org.spaces.dashboard" name="dashboardTest" time="15.350"/>
</testsuite> <!-- org.spaces.dashboard -->
