<?xml version="1.0" encoding="UTF-8"?>
<!-- Generated by org.testng.reporters.JUnitReportReporter -->
<testsuite hostname="Ayobamis-MacBook-Pro.local" failures="0" tests="1" name="org.spaces.users" time="11.359" errors="0" timestamp="22 Apr 2021 09:36:43 GMT" skipped="0">
  <testcase classname="org.spaces.users" name="usersTest" time="11.359"/>
</testsuite> <!-- org.spaces.users -->
