<?xml version="1.0" encoding="UTF-8"?>
<!-- Generated by org.testng.reporters.JUnitReportReporter -->
<testsuite hostname="Ayobamis-MacBook-Pro.local" failures="0" tests="1" name="org.spaces.login" time="62.143" errors="0" timestamp="21 Apr 2021 14:17:20 GMT" skipped="0">
  <testcase classname="org.spaces.login" name="loginTest" time="62.143"/>
</testsuite> <!-- org.spaces.login -->
