<?xml version="1.0" encoding="UTF-8"?>
<!-- Generated by org.testng.reporters.JUnitReportReporter -->
<testsuite hostname="Ayobamis-MacBook-Pro.local" failures="0" tests="1" name="org.spaces.agentManagement" time="7.867" errors="0" timestamp="22 Apr 2021 10:00:03 GMT" skipped="0">
  <testcase classname="org.spaces.agentManagement" name="agentManagementTest" time="7.867"/>
</testsuite> <!-- org.spaces.agentManagement -->
