<?xml version="1.0" encoding="UTF-8"?>
<!-- Generated by org.testng.reporters.JUnitReportReporter -->
<testsuite hostname="Ayobamis-MacBook-Pro.local" failures="0" tests="1" name="org.spaces.dashboard" time="27.198" errors="0" timestamp="21 Apr 2021 14:05:48 GMT" skipped="0">
  <testcase classname="org.spaces.dashboard" name="dashboardTest" time="27.198"/>
</testsuite> <!-- org.spaces.dashboard -->
